<?xml version="1.0" encoding="UTF-8"?>
<testng-results ignored="0" total="1" passed="1" failed="0" skipped="0">
  <reporter-output>
  </reporter-output>
  <suite started-at="2023-10-30T15:29:48 IST" name="Default suite" finished-at="2023-10-30T15:38:12 IST" duration-ms="503654">
    <groups>
    </groups>
    <test started-at="2023-10-30T15:29:48 IST" name="Default test" finished-at="2023-10-30T15:38:12 IST" duration-ms="503654">
      <class name="com.tests.SubmissionTest">
        <test-method is-config="true" signature="setUp()[pri:0, instance:com.tests.SubmissionTest@54f66455]" started-at="2023-10-30T15:29:48 IST" name="setUp" finished-at="2023-10-30T15:29:53 IST" duration-ms="4691" status="PASS">
          <reporter-output>
          </reporter-output>
        </test-method> <!-- setUp -->
        <test-method signature="addSubmissionFile()[pri:0, instance:com.tests.SubmissionTest@54f66455]" started-at="2023-10-30T15:29:53 IST" name="addSubmissionFile" finished-at="2023-10-30T15:38:12 IST" duration-ms="498812" status="PASS">
          <reporter-output>
          </reporter-output>
        </test-method> <!-- addSubmissionFile -->
      </class> <!-- com.tests.SubmissionTest -->
    </test> <!-- Default test -->
  </suite> <!-- Default suite -->
</testng-results>
